/Users/demid/Documents/diploma_project/ocr_project/venv/lib/python3.9/site-packages/urllib3/__init__.py:35: NotOpenSSLWarning: urllib3 v2 only supports OpenSSL 1.1.1+, currently the 'ssl' module is compiled with 'LibreSSL 2.8.3'. See: https://github.com/urllib3/urllib3/issues/3020
  warnings.warn(
Using a slow image processor as `use_fast` is unset and a slow processor was saved with this model. `use_fast=True` will be the default behavior in v4.52, even if the model was saved with a slow processor. This will result in minor differences in outputs. You'll still be able to use a slow processor with `use_fast=False`.
Some weights of VisionEncoderDecoderModel were not initialized from the model checkpoint at microsoft/trocr-base-handwritten and are newly initialized: ['encoder.pooler.dense.bias', 'encoder.pooler.dense.weight']
You should probably TRAIN this model on a down-stream task to be able to use it for predictions and inference.
INFO:     Started server process [12382]
INFO:     Waiting for application startup.
INFO:     Application startup complete.
INFO:     Uvicorn running on http://0.0.0.0:8000 (Press CTRL+C to quit)
INFO:     127.0.0.1:50473 - "GET /api/documents HTTP/1.1" 200 OK
INFO:     127.0.0.1:50478 - "GET /api/tags HTTP/1.1" 200 OK
INFO:     127.0.0.1:50482 - "GET /api/tags HTTP/1.1" 200 OK
INFO:     127.0.0.1:50480 - "GET /uploads/20260315_144135_IMG_0974.PNG HTTP/1.1" 304 Not Modified
INFO:     127.0.0.1:50480 - "GET /uploads/20260315_144135_IMG_0974.PNG?v=2026-03-15T09%3A41%3A40.559434 HTTP/1.1" 304 Not Modified
INFO:     127.0.0.1:50484 - "GET /api/tags HTTP/1.1" 200 OK
INFO:     127.0.0.1:50489 - "GET /api/tags HTTP/1.1" 200 OK
INFO:     127.0.0.1:50493 - "GET /api/tags HTTP/1.1" 200 OK
INFO:     127.0.0.1:50497 - "PUT /api/documents/69b67ed43cc338da59ff7c91 HTTP/1.1" 200 OK
INFO:     127.0.0.1:50504 - "GET /uploads/20260311_173120_5425ef7c4d41f24b850b6566779c557a.jpg?v=2026-03-11T12%3A31%3A30.486364 HTTP/1.1" 200 OK
INFO:     127.0.0.1:50508 - "PUT /api/documents/69b160a2338a6167cac08f6b HTTP/1.1" 200 OK
INFO:     127.0.0.1:50512 - "GET /api/tags HTTP/1.1" 200 OK
INFO:     127.0.0.1:50516 - "PUT /api/documents/69b160a2338a6167cac08f6b HTTP/1.1" 200 OK
INFO:     127.0.0.1:50521 - "PUT /api/documents/69b160a2338a6167cac08f6b HTTP/1.1" 200 OK
INFO:     127.0.0.1:50536 - "POST /api/tags HTTP/1.1" 500 Internal Server Error
ERROR:    Exception in ASGI application
Traceback (most recent call last):
  File "/Users/demid/Documents/diploma_project/ocr_project/venv/lib/python3.9/site-packages/fastapi/encoders.py", line 327, in jsonable_encoder
    data = dict(obj)
TypeError: 'ObjectId' object is not iterable

During handling of the above exception, another exception occurred:

Traceback (most recent call last):
  File "/Users/demid/Documents/diploma_project/ocr_project/venv/lib/python3.9/site-packages/fastapi/encoders.py", line 332, in jsonable_encoder
    data = vars(obj)
TypeError: vars() argument must have __dict__ attribute

The above exception was the direct cause of the following exception:

Traceback (most recent call last):
  File "/Users/demid/Documents/diploma_project/ocr_project/venv/lib/python3.9/site-packages/uvicorn/protocols/http/h11_impl.py", line 409, in run_asgi
    result = await app(  # type: ignore[func-returns-value]
  File "/Users/demid/Documents/diploma_project/ocr_project/venv/lib/python3.9/site-packages/uvicorn/middleware/proxy_headers.py", line 60, in __call__
    return await self.app(scope, receive, send)
  File "/Users/demid/Documents/diploma_project/ocr_project/venv/lib/python3.9/site-packages/fastapi/applications.py", line 1138, in __call__
    await super().__call__(scope, receive, send)
  File "/Users/demid/Documents/diploma_project/ocr_project/venv/lib/python3.9/site-packages/starlette/applications.py", line 113, in __call__
    await self.middleware_stack(scope, receive, send)
  File "/Users/demid/Documents/diploma_project/ocr_project/venv/lib/python3.9/site-packages/starlette/middleware/errors.py", line 186, in __call__
    raise exc
  File "/Users/demid/Documents/diploma_project/ocr_project/venv/lib/python3.9/site-packages/starlette/middleware/errors.py", line 164, in __call__
    await self.app(scope, receive, _send)
  File "/Users/demid/Documents/diploma_project/ocr_project/venv/lib/python3.9/site-packages/starlette/middleware/cors.py", line 93, in __call__
    await self.simple_response(scope, receive, send, request_headers=headers)
  File "/Users/demid/Documents/diploma_project/ocr_project/venv/lib/python3.9/site-packages/starlette/middleware/cors.py", line 144, in simple_response
    await self.app(scope, receive, send)
  File "/Users/demid/Documents/diploma_project/ocr_project/venv/lib/python3.9/site-packages/starlette/middleware/exceptions.py", line 63, in __call__
    await wrap_app_handling_exceptions(self.app, conn)(scope, receive, send)
  File "/Users/demid/Documents/diploma_project/ocr_project/venv/lib/python3.9/site-packages/starlette/_exception_handler.py", line 53, in wrapped_app
    raise exc
  File "/Users/demid/Documents/diploma_project/ocr_project/venv/lib/python3.9/site-packages/starlette/_exception_handler.py", line 42, in wrapped_app
    await app(scope, receive, sender)
  File "/Users/demid/Documents/diploma_project/ocr_project/venv/lib/python3.9/site-packages/fastapi/middleware/asyncexitstack.py", line 18, in __call__
    await self.app(scope, receive, send)
  File "/Users/demid/Documents/diploma_project/ocr_project/venv/lib/python3.9/site-packages/starlette/routing.py", line 716, in __call__
    await self.middleware_stack(scope, receive, send)
  File "/Users/demid/Documents/diploma_project/ocr_project/venv/lib/python3.9/site-packages/starlette/routing.py", line 736, in app
    await route.handle(scope, receive, send)
  File "/Users/demid/Documents/diploma_project/ocr_project/venv/lib/python3.9/site-packages/starlette/routing.py", line 290, in handle
    await self.app(scope, receive, send)
  File "/Users/demid/Documents/diploma_project/ocr_project/venv/lib/python3.9/site-packages/fastapi/routing.py", line 121, in app
    await wrap_app_handling_exceptions(app, request)(scope, receive, send)
  File "/Users/demid/Documents/diploma_project/ocr_project/venv/lib/python3.9/site-packages/starlette/_exception_handler.py", line 53, in wrapped_app
    raise exc
  File "/Users/demid/Documents/diploma_project/ocr_project/venv/lib/python3.9/site-packages/starlette/_exception_handler.py", line 42, in wrapped_app
    await app(scope, receive, sender)
  File "/Users/demid/Documents/diploma_project/ocr_project/venv/lib/python3.9/site-packages/fastapi/routing.py", line 107, in app
    response = await f(request)
  File "/Users/demid/Documents/diploma_project/ocr_project/venv/lib/python3.9/site-packages/fastapi/routing.py", line 448, in app
    content = await serialize_response(
  File "/Users/demid/Documents/diploma_project/ocr_project/venv/lib/python3.9/site-packages/fastapi/routing.py", line 303, in serialize_response
    return jsonable_encoder(response_content)
  File "/Users/demid/Documents/diploma_project/ocr_project/venv/lib/python3.9/site-packages/fastapi/encoders.py", line 288, in jsonable_encoder
    encoded_value = jsonable_encoder(
  File "/Users/demid/Documents/diploma_project/ocr_project/venv/lib/python3.9/site-packages/fastapi/encoders.py", line 288, in jsonable_encoder
    encoded_value = jsonable_encoder(
  File "/Users/demid/Documents/diploma_project/ocr_project/venv/lib/python3.9/site-packages/fastapi/encoders.py", line 335, in jsonable_encoder
    raise ValueError(errors) from e
ValueError: [TypeError("'ObjectId' object is not iterable"), TypeError('vars() argument must have __dict__ attribute')]
INFO:     127.0.0.1:50540 - "GET /api/tags HTTP/1.1" 200 OK
INFO:     127.0.0.1:50544 - "POST /api/tags HTTP/1.1" 500 Internal Server Error
ERROR:    Exception in ASGI application
Traceback (most recent call last):
  File "/Users/demid/Documents/diploma_project/ocr_project/venv/lib/python3.9/site-packages/fastapi/encoders.py", line 327, in jsonable_encoder
    data = dict(obj)
TypeError: 'ObjectId' object is not iterable

During handling of the above exception, another exception occurred:

Traceback (most recent call last):
  File "/Users/demid/Documents/diploma_project/ocr_project/venv/lib/python3.9/site-packages/fastapi/encoders.py", line 332, in jsonable_encoder
    data = vars(obj)
TypeError: vars() argument must have __dict__ attribute

The above exception was the direct cause of the following exception:

Traceback (most recent call last):
  File "/Users/demid/Documents/diploma_project/ocr_project/venv/lib/python3.9/site-packages/uvicorn/protocols/http/h11_impl.py", line 409, in run_asgi
    result = await app(  # type: ignore[func-returns-value]
  File "/Users/demid/Documents/diploma_project/ocr_project/venv/lib/python3.9/site-packages/uvicorn/middleware/proxy_headers.py", line 60, in __call__
    return await self.app(scope, receive, send)
  File "/Users/demid/Documents/diploma_project/ocr_project/venv/lib/python3.9/site-packages/fastapi/applications.py", line 1138, in __call__
    await super().__call__(scope, receive, send)
  File "/Users/demid/Documents/diploma_project/ocr_project/venv/lib/python3.9/site-packages/starlette/applications.py", line 113, in __call__
    await self.middleware_stack(scope, receive, send)
  File "/Users/demid/Documents/diploma_project/ocr_project/venv/lib/python3.9/site-packages/starlette/middleware/errors.py", line 186, in __call__
    raise exc
  File "/Users/demid/Documents/diploma_project/ocr_project/venv/lib/python3.9/site-packages/starlette/middleware/errors.py", line 164, in __call__
    await self.app(scope, receive, _send)
  File "/Users/demid/Documents/diploma_project/ocr_project/venv/lib/python3.9/site-packages/starlette/middleware/cors.py", line 93, in __call__
    await self.simple_response(scope, receive, send, request_headers=headers)
  File "/Users/demid/Documents/diploma_project/ocr_project/venv/lib/python3.9/site-packages/starlette/middleware/cors.py", line 144, in simple_response
    await self.app(scope, receive, send)
  File "/Users/demid/Documents/diploma_project/ocr_project/venv/lib/python3.9/site-packages/starlette/middleware/exceptions.py", line 63, in __call__
    await wrap_app_handling_exceptions(self.app, conn)(scope, receive, send)
  File "/Users/demid/Documents/diploma_project/ocr_project/venv/lib/python3.9/site-packages/starlette/_exception_handler.py", line 53, in wrapped_app
    raise exc
  File "/Users/demid/Documents/diploma_project/ocr_project/venv/lib/python3.9/site-packages/starlette/_exception_handler.py", line 42, in wrapped_app
    await app(scope, receive, sender)
  File "/Users/demid/Documents/diploma_project/ocr_project/venv/lib/python3.9/site-packages/fastapi/middleware/asyncexitstack.py", line 18, in __call__
    await self.app(scope, receive, send)
  File "/Users/demid/Documents/diploma_project/ocr_project/venv/lib/python3.9/site-packages/starlette/routing.py", line 716, in __call__
    await self.middleware_stack(scope, receive, send)
  File "/Users/demid/Documents/diploma_project/ocr_project/venv/lib/python3.9/site-packages/starlette/routing.py", line 736, in app
    await route.handle(scope, receive, send)
  File "/Users/demid/Documents/diploma_project/ocr_project/venv/lib/python3.9/site-packages/starlette/routing.py", line 290, in handle
    await self.app(scope, receive, send)
  File "/Users/demid/Documents/diploma_project/ocr_project/venv/lib/python3.9/site-packages/fastapi/routing.py", line 121, in app
    await wrap_app_handling_exceptions(app, request)(scope, receive, send)
  File "/Users/demid/Documents/diploma_project/ocr_project/venv/lib/python3.9/site-packages/starlette/_exception_handler.py", line 53, in wrapped_app
    raise exc
  File "/Users/demid/Documents/diploma_project/ocr_project/venv/lib/python3.9/site-packages/starlette/_exception_handler.py", line 42, in wrapped_app
    await app(scope, receive, sender)
  File "/Users/demid/Documents/diploma_project/ocr_project/venv/lib/python3.9/site-packages/fastapi/routing.py", line 107, in app
    response = await f(request)
  File "/Users/demid/Documents/diploma_project/ocr_project/venv/lib/python3.9/site-packages/fastapi/routing.py", line 448, in app
    content = await serialize_response(
  File "/Users/demid/Documents/diploma_project/ocr_project/venv/lib/python3.9/site-packages/fastapi/routing.py", line 303, in serialize_response
    return jsonable_encoder(response_content)
  File "/Users/demid/Documents/diploma_project/ocr_project/venv/lib/python3.9/site-packages/fastapi/encoders.py", line 288, in jsonable_encoder
    encoded_value = jsonable_encoder(
  File "/Users/demid/Documents/diploma_project/ocr_project/venv/lib/python3.9/site-packages/fastapi/encoders.py", line 288, in jsonable_encoder
    encoded_value = jsonable_encoder(
  File "/Users/demid/Documents/diploma_project/ocr_project/venv/lib/python3.9/site-packages/fastapi/encoders.py", line 335, in jsonable_encoder
    raise ValueError(errors) from e
ValueError: [TypeError("'ObjectId' object is not iterable"), TypeError('vars() argument must have __dict__ attribute')]
INFO:     127.0.0.1:50548 - "GET /api/tags HTTP/1.1" 200 OK
INFO:     127.0.0.1:50552 - "POST /api/tags HTTP/1.1" 500 Internal Server Error
ERROR:    Exception in ASGI application
Traceback (most recent call last):
  File "/Users/demid/Documents/diploma_project/ocr_project/venv/lib/python3.9/site-packages/fastapi/encoders.py", line 327, in jsonable_encoder
    data = dict(obj)
TypeError: 'ObjectId' object is not iterable

During handling of the above exception, another exception occurred:

Traceback (most recent call last):
  File "/Users/demid/Documents/diploma_project/ocr_project/venv/lib/python3.9/site-packages/fastapi/encoders.py", line 332, in jsonable_encoder
    data = vars(obj)
TypeError: vars() argument must have __dict__ attribute

The above exception was the direct cause of the following exception:

Traceback (most recent call last):
  File "/Users/demid/Documents/diploma_project/ocr_project/venv/lib/python3.9/site-packages/uvicorn/protocols/http/h11_impl.py", line 409, in run_asgi
    result = await app(  # type: ignore[func-returns-value]
  File "/Users/demid/Documents/diploma_project/ocr_project/venv/lib/python3.9/site-packages/uvicorn/middleware/proxy_headers.py", line 60, in __call__
    return await self.app(scope, receive, send)
  File "/Users/demid/Documents/diploma_project/ocr_project/venv/lib/python3.9/site-packages/fastapi/applications.py", line 1138, in __call__
    await super().__call__(scope, receive, send)
  File "/Users/demid/Documents/diploma_project/ocr_project/venv/lib/python3.9/site-packages/starlette/applications.py", line 113, in __call__
    await self.middleware_stack(scope, receive, send)
  File "/Users/demid/Documents/diploma_project/ocr_project/venv/lib/python3.9/site-packages/starlette/middleware/errors.py", line 186, in __call__
    raise exc
  File "/Users/demid/Documents/diploma_project/ocr_project/venv/lib/python3.9/site-packages/starlette/middleware/errors.py", line 164, in __call__
    await self.app(scope, receive, _send)
  File "/Users/demid/Documents/diploma_project/ocr_project/venv/lib/python3.9/site-packages/starlette/middleware/cors.py", line 93, in __call__
    await self.simple_response(scope, receive, send, request_headers=headers)
  File "/Users/demid/Documents/diploma_project/ocr_project/venv/lib/python3.9/site-packages/starlette/middleware/cors.py", line 144, in simple_response
    await self.app(scope, receive, send)
  File "/Users/demid/Documents/diploma_project/ocr_project/venv/lib/python3.9/site-packages/starlette/middleware/exceptions.py", line 63, in __call__
    await wrap_app_handling_exceptions(self.app, conn)(scope, receive, send)
  File "/Users/demid/Documents/diploma_project/ocr_project/venv/lib/python3.9/site-packages/starlette/_exception_handler.py", line 53, in wrapped_app
    raise exc
  File "/Users/demid/Documents/diploma_project/ocr_project/venv/lib/python3.9/site-packages/starlette/_exception_handler.py", line 42, in wrapped_app
    await app(scope, receive, sender)
  File "/Users/demid/Documents/diploma_project/ocr_project/venv/lib/python3.9/site-packages/fastapi/middleware/asyncexitstack.py", line 18, in __call__
    await self.app(scope, receive, send)
  File "/Users/demid/Documents/diploma_project/ocr_project/venv/lib/python3.9/site-packages/starlette/routing.py", line 716, in __call__
    await self.middleware_stack(scope, receive, send)
  File "/Users/demid/Documents/diploma_project/ocr_project/venv/lib/python3.9/site-packages/starlette/routing.py", line 736, in app
    await route.handle(scope, receive, send)
  File "/Users/demid/Documents/diploma_project/ocr_project/venv/lib/python3.9/site-packages/starlette/routing.py", line 290, in handle
    await self.app(scope, receive, send)
  File "/Users/demid/Documents/diploma_project/ocr_project/venv/lib/python3.9/site-packages/fastapi/routing.py", line 121, in app
    await wrap_app_handling_exceptions(app, request)(scope, receive, send)
  File "/Users/demid/Documents/diploma_project/ocr_project/venv/lib/python3.9/site-packages/starlette/_exception_handler.py", line 53, in wrapped_app
    raise exc
  File "/Users/demid/Documents/diploma_project/ocr_project/venv/lib/python3.9/site-packages/starlette/_exception_handler.py", line 42, in wrapped_app
    await app(scope, receive, sender)
  File "/Users/demid/Documents/diploma_project/ocr_project/venv/lib/python3.9/site-packages/fastapi/routing.py", line 107, in app
    response = await f(request)
  File "/Users/demid/Documents/diploma_project/ocr_project/venv/lib/python3.9/site-packages/fastapi/routing.py", line 448, in app
    content = await serialize_response(
  File "/Users/demid/Documents/diploma_project/ocr_project/venv/lib/python3.9/site-packages/fastapi/routing.py", line 303, in serialize_response
    return jsonable_encoder(response_content)
  File "/Users/demid/Documents/diploma_project/ocr_project/venv/lib/python3.9/site-packages/fastapi/encoders.py", line 288, in jsonable_encoder
    encoded_value = jsonable_encoder(
  File "/Users/demid/Documents/diploma_project/ocr_project/venv/lib/python3.9/site-packages/fastapi/encoders.py", line 288, in jsonable_encoder
    encoded_value = jsonable_encoder(
  File "/Users/demid/Documents/diploma_project/ocr_project/venv/lib/python3.9/site-packages/fastapi/encoders.py", line 335, in jsonable_encoder
    raise ValueError(errors) from e
ValueError: [TypeError("'ObjectId' object is not iterable"), TypeError('vars() argument must have __dict__ attribute')]
INFO:     127.0.0.1:50556 - "GET /api/tags HTTP/1.1" 200 OK
INFO:     127.0.0.1:50558 - "GET /uploads/20260311_162546_6f2ee302fc62c0a7a31727198b43ef28.jpg?v=2026-03-11T11%3A25%3A50.188777 HTTP/1.1" 200 OK
INFO:     127.0.0.1:50561 - "GET /uploads/20260311_162403_d5eddfaa1edd73db61fe25a632cb7757.jpg?v=2026-03-11T11%3A24%3A05.664311 HTTP/1.1" 200 OK
INFO:     127.0.0.1:50561 - "GET /uploads/20260311_175557_f3f9e13b5ab205da035edb35d1f55044.jpg?v=2026-03-11T12%3A56%3A11.973333 HTTP/1.1" 200 OK
INFO:     127.0.0.1:50564 - "GET /uploads/20260311_162500_3f5ef86a4ad6a0b15c90f28fcbb14562.jpg?v=2026-03-11T11%3A25%3A06.332609 HTTP/1.1" 200 OK
INFO:     127.0.0.1:50724 - "GET /api/documents HTTP/1.1" 200 OK
INFO:     127.0.0.1:50728 - "GET /api/tags HTTP/1.1" 200 OK
INFO:     127.0.0.1:50730 - "GET /api/tags HTTP/1.1" 200 OK
INFO:     127.0.0.1:50891 - "GET /uploads/20260315_144135_IMG_0974.PNG?v=2026-03-15T09%3A41%3A40.559434 HTTP/1.1" 304 Not Modified
INFO:     127.0.0.1:50953 - "GET /api/documents HTTP/1.1" 200 OK
INFO:     127.0.0.1:50955 - "GET /api/tags HTTP/1.1" 200 OK
INFO:     127.0.0.1:50957 - "GET /uploads/20260315_144135_IMG_0974.PNG HTTP/1.1" 304 Not Modified
INFO:     127.0.0.1:50960 - "GET /api/tags HTTP/1.1" 200 OK
INFO:     127.0.0.1:51405 - "GET /uploads/20260315_144135_IMG_0974.PNG?v=2026-03-15T09%3A41%3A40.559434 HTTP/1.1" 304 Not Modified
INFO:     127.0.0.1:51409 - "GET /uploads/20260311_162451_3b0ebb78a480d66adef0db640363a847.jpg?v=2026-03-11T11%3A24%3A59.985402 HTTP/1.1" 200 OK
INFO:     127.0.0.1:51424 - "GET /uploads/20260311_162521_4dce57ecff94044db4705e7e79c505b8.jpg?v=2026-03-11T11%3A25%3A38.103499 HTTP/1.1" 200 OK
INFO:     127.0.0.1:51424 - "GET /uploads/20260311_162355_94ce830858b8cd03727367cc48da7c40.jpg?v=2026-03-11T11%3A23%3A58.295921 HTTP/1.1" 200 OK
INFO:     127.0.0.1:51523 - "GET /api/documents HTTP/1.1" 200 OK
INFO:     127.0.0.1:51525 - "GET /api/tags HTTP/1.1" 200 OK
INFO:     127.0.0.1:51527 - "GET /uploads/20260315_144135_IMG_0974.PNG HTTP/1.1" 304 Not Modified
INFO:     127.0.0.1:51529 - "GET /api/tags HTTP/1.1" 200 OK
INFO:     127.0.0.1:51593 - "GET /api/documents HTTP/1.1" 200 OK
INFO:     127.0.0.1:51595 - "GET /api/tags HTTP/1.1" 200 OK
INFO:     127.0.0.1:51598 - "GET /api/tags HTTP/1.1" 200 OK
INFO:     127.0.0.1:51600 - "GET /uploads/20260311_175638_f054530ef83b44b1776a4e0f8e012daf.jpg?v=2026-03-11T12%3A56%3A43.358304 HTTP/1.1" 200 OK
INFO:     127.0.0.1:51602 - "GET /api/tags HTTP/1.1" 200 OK
INFO:     127.0.0.1:51606 - "PUT /api/documents/69b1668b338a6167cac08f71 HTTP/1.1" 200 OK
INFO:     127.0.0.1:51608 - "GET /uploads/20260311_175519_f2f91d8487f6f462b20e351d17ad2b4a.jpg?v=2026-03-11T12%3A55%3A56.817590 HTTP/1.1" 200 OK
